Performing C SOURCE FILE Test CMAKE_HAVE_LIBC_PTHREAD failed with the following output:
Change Dir: /export/tmp/4205_10/ele4205_projet_aut2021_10/CMakeFiles/CMakeTmp

Run Build Command(s):/bin/gmake -f Makefile cmTC_1a5b5/fast && /bin/gmake  -f CMakeFiles/cmTC_1a5b5.dir/build.make CMakeFiles/cmTC_1a5b5.dir/build
gmake[1]: Entering directory `/export/tmp/4205_10/ele4205_projet_aut2021_10/CMakeFiles/CMakeTmp'
Building C object CMakeFiles/cmTC_1a5b5.dir/src.c.o
/bin/cc -DCMAKE_HAVE_LIBC_PTHREAD   -o CMakeFiles/cmTC_1a5b5.dir/src.c.o -c /export/tmp/4205_10/ele4205_projet_aut2021_10/CMakeFiles/CMakeTmp/src.c
Linking C executable cmTC_1a5b5
/usr/local/opt/cmake-3.21.1/bin/cmake -E cmake_link_script CMakeFiles/cmTC_1a5b5.dir/link.txt --verbose=1
/bin/cc -rdynamic CMakeFiles/cmTC_1a5b5.dir/src.c.o -o cmTC_1a5b5 
/usr/local/bin/ld: CMakeFiles/cmTC_1a5b5.dir/src.c.o: in function `main':
src.c:(.text+0x2d): undefined reference to `pthread_create'
/usr/local/bin/ld: src.c:(.text+0x39): undefined reference to `pthread_detach'
/usr/local/bin/ld: src.c:(.text+0x45): undefined reference to `pthread_cancel'
/usr/local/bin/ld: src.c:(.text+0x56): undefined reference to `pthread_join'
/usr/local/bin/ld: src.c:(.text+0x6a): undefined reference to `pthread_atfork'
collect2: error: ld returned 1 exit status
gmake[1]: *** [cmTC_1a5b5] Error 1
gmake[1]: Leaving directory `/export/tmp/4205_10/ele4205_projet_aut2021_10/CMakeFiles/CMakeTmp'
gmake: *** [cmTC_1a5b5/fast] Error 2


Source file was:
#include <pthread.h>

static void* test_func(void* data)
{
  return data;
}

int main(void)
{
  pthread_t thread;
  pthread_create(&thread, NULL, test_func, NULL);
  pthread_detach(thread);
  pthread_cancel(thread);
  pthread_join(thread, NULL);
  pthread_atfork(NULL, NULL, NULL);
  pthread_exit(NULL);

  return 0;
}

Determining if the function pthread_create exists in the pthreads failed with the following output:
Change Dir: /export/tmp/4205_10/ele4205_projet_aut2021_10/CMakeFiles/CMakeTmp

Run Build Command(s):/bin/gmake -f Makefile cmTC_45f7d/fast && /bin/gmake  -f CMakeFiles/cmTC_45f7d.dir/build.make CMakeFiles/cmTC_45f7d.dir/build
gmake[1]: Entering directory `/export/tmp/4205_10/ele4205_projet_aut2021_10/CMakeFiles/CMakeTmp'
Building C object CMakeFiles/cmTC_45f7d.dir/CheckFunctionExists.c.o
/bin/cc   -DCHECK_FUNCTION_EXISTS=pthread_create -o CMakeFiles/cmTC_45f7d.dir/CheckFunctionExists.c.o -c /usr/local/opt/cmake-3.21.1/share/cmake-3.21/Modules/CheckFunctionExists.c
Linking C executable cmTC_45f7d
/usr/local/opt/cmake-3.21.1/bin/cmake -E cmake_link_script CMakeFiles/cmTC_45f7d.dir/link.txt --verbose=1
/bin/cc  -DCHECK_FUNCTION_EXISTS=pthread_create -rdynamic CMakeFiles/cmTC_45f7d.dir/CheckFunctionExists.c.o -o cmTC_45f7d  -lpthreads 
/usr/local/bin/ld: cannot find -lpthreads
collect2: error: ld returned 1 exit status
gmake[1]: *** [cmTC_45f7d] Error 1
gmake[1]: Leaving directory `/export/tmp/4205_10/ele4205_projet_aut2021_10/CMakeFiles/CMakeTmp'
gmake: *** [cmTC_45f7d/fast] Error 2



